{"/home/igor/Documentos/Projetos-Driven/Back-Postgres/projeto-drivenpass/src/app.ts": {"path":"/home/igor/Documentos/Projetos-Driven/Back-Postgres/projeto-drivenpass/src/app.ts","statementMap":{"0":{"start":{"line":1,"column":0},"end":{"line":1,"column":30}},"1":{"start":{"line":2,"column":0},"end":{"line":2,"column":30}},"2":{"start":{"line":3,"column":0},"end":{"line":3,"column":24}},"3":{"start":{"line":4,"column":0},"end":{"line":4,"column":40}},"4":{"start":{"line":5,"column":0},"end":{"line":5,"column":60}},"5":{"start":{"line":7,"column":0},"end":{"line":7,"column":10}},"6":{"start":{"line":9,"column":0},"end":{"line":9,"column":48}},"7":{"start":{"line":10,"column":0},"end":{"line":10,"column":61}},"8":{"start":{"line":12,"column":12},"end":{"line":12,"column":21}},"9":{"start":{"line":13,"column":0},"end":{"line":17,"column":null}},"10":{"start":{"line":20,"column":2},"end":{"line":20,"column":14}},"11":{"start":{"line":21,"column":2},"end":{"line":21,"column":30}},"12":{"start":{"line":19,"column":0},"end":{"line":19,"column":16}},"13":{"start":{"line":25,"column":2},"end":{"line":25,"column":23}},"14":{"start":{"line":24,"column":0},"end":{"line":24,"column":7}},"15":{"start":{"line":28,"column":0},"end":{"line":28,"column":19}}},"fnMap":{"0":{"name":"init","decl":{"start":{"line":19,"column":16},"end":{"line":19,"column":20}},"loc":{"start":{"line":19,"column":20},"end":{"line":22,"column":1}}},"1":{"name":"close","decl":{"start":{"line":24,"column":22},"end":{"line":24,"column":27}},"loc":{"start":{"line":24,"column":27},"end":{"line":26,"column":1}}}},"branchMap":{},"s":{"0":2,"1":2,"2":2,"3":2,"4":2,"5":2,"6":2,"7":2,"8":2,"9":2,"10":2,"11":2,"12":2,"13":0,"14":2,"15":2},"f":{"0":2,"1":0},"b":{}}
,"/home/igor/Documentos/Projetos-Driven/Back-Postgres/projeto-drivenpass/src/server.ts": {"path":"/home/igor/Documentos/Projetos-Driven/Back-Postgres/projeto-drivenpass/src/server.ts","statementMap":{"0":{"start":{"line":1,"column":0},"end":{"line":1,"column":24}},"1":{"start":{"line":3,"column":13},"end":{"line":3,"column":17}},"2":{"start":{"line":5,"column":0},"end":{"line":7,"column":3}},"3":{"start":{"line":6,"column":4},"end":{"line":6,"column":56}}},"fnMap":{"0":{"name":"(anonymous_1)","decl":{"start":{"line":5,"column":17},"end":{"line":5,"column":20}},"loc":{"start":{"line":5,"column":22},"end":{"line":7,"column":1}}}},"branchMap":{},"s":{"0":0,"1":0,"2":0,"3":0},"f":{"0":0},"b":{}}
,"/home/igor/Documentos/Projetos-Driven/Back-Postgres/projeto-drivenpass/src/config/config-index.ts": {"path":"/home/igor/Documentos/Projetos-Driven/Back-Postgres/projeto-drivenpass/src/config/config-index.ts","statementMap":{"0":{"start":{"line":1,"column":0},"end":{"line":1,"column":23}},"1":{"start":{"line":2,"column":0},"end":{"line":2,"column":27}}},"fnMap":{},"branchMap":{},"s":{"0":0,"1":0},"f":{},"b":{}}
,"/home/igor/Documentos/Projetos-Driven/Back-Postgres/projeto-drivenpass/src/config/database.ts": {"path":"/home/igor/Documentos/Projetos-Driven/Back-Postgres/projeto-drivenpass/src/config/database.ts","statementMap":{"0":{"start":{"line":1,"column":0},"end":{"line":1,"column":46}},"1":{"start":{"line":5,"column":2},"end":{"line":5,"column":30}},"2":{"start":{"line":4,"column":0},"end":{"line":4,"column":16}},"3":{"start":{"line":9,"column":2},"end":{"line":9,"column":30}},"4":{"start":{"line":8,"column":0},"end":{"line":8,"column":7}}},"fnMap":{"0":{"name":"connectDb","decl":{"start":{"line":4,"column":16},"end":{"line":4,"column":25}},"loc":{"start":{"line":4,"column":25},"end":{"line":6,"column":1}}},"1":{"name":"disconnectDB","decl":{"start":{"line":8,"column":22},"end":{"line":8,"column":34}},"loc":{"start":{"line":8,"column":34},"end":{"line":10,"column":1}}}},"branchMap":{},"s":{"0":2,"1":2,"2":2,"3":0,"4":2},"f":{"0":2,"1":0},"b":{}}
,"/home/igor/Documentos/Projetos-Driven/Back-Postgres/projeto-drivenpass/src/config/envs.ts": {"path":"/home/igor/Documentos/Projetos-Driven/Back-Postgres/projeto-drivenpass/src/config/envs.ts","statementMap":{"0":{"start":{"line":1,"column":0},"end":{"line":1,"column":28}},"1":{"start":{"line":2,"column":0},"end":{"line":2,"column":41}},"2":{"start":{"line":6,"column":4},"end":{"line":10,"column":14}},"3":{"start":{"line":12,"column":22},"end":{"line":12,"column":45}},"4":{"start":{"line":13,"column":2},"end":{"line":13,"column":35}},"5":{"start":{"line":4,"column":0},"end":{"line":4,"column":16}}},"fnMap":{"0":{"name":"loadEnv","decl":{"start":{"line":4,"column":16},"end":{"line":4,"column":23}},"loc":{"start":{"line":4,"column":23},"end":{"line":14,"column":1}}}},"branchMap":{"0":{"loc":{"start":{"line":6,"column":4},"end":{"line":10,"column":14}},"type":"cond-expr","locations":[{"start":{"line":7,"column":8},"end":{"line":7,"column":19}},{"start":{"line":8,"column":8},"end":{"line":10,"column":14}}]},"1":{"loc":{"start":{"line":8,"column":8},"end":{"line":10,"column":14}},"type":"cond-expr","locations":[{"start":{"line":9,"column":8},"end":{"line":9,"column":18}},{"start":{"line":10,"column":8},"end":{"line":10,"column":14}}]}},"s":{"0":2,"1":2,"2":4,"3":4,"4":4,"5":2},"f":{"0":4},"b":{"0":[4,0],"1":[0,0]}}
,"/home/igor/Documentos/Projetos-Driven/Back-Postgres/projeto-drivenpass/src/controllers/credentials-controller.ts": {"path":"/home/igor/Documentos/Projetos-Driven/Back-Postgres/projeto-drivenpass/src/controllers/credentials-controller.ts","statementMap":{"0":{"start":{"line":2,"column":0},"end":{"line":2,"column":37}},"1":{"start":{"line":3,"column":0},"end":{"line":3,"column":92}},"2":{"start":{"line":6,"column":21},"end":{"line":6,"column":24}},"3":{"start":{"line":8,"column":2},"end":{"line":13,"column":null}},"4":{"start":{"line":9,"column":24},"end":{"line":9,"column":70}},"5":{"start":{"line":10,"column":4},"end":{"line":10,"column":55}},"6":{"start":{"line":12,"column":4},"end":{"line":12,"column":16}},"7":{"start":{"line":5,"column":0},"end":{"line":5,"column":7}},"8":{"start":{"line":17,"column":21},"end":{"line":17,"column":24}},"9":{"start":{"line":18,"column":27},"end":{"line":18,"column":37}},"10":{"start":{"line":20,"column":2},"end":{"line":25,"column":null}},"11":{"start":{"line":21,"column":24},"end":{"line":21,"column":94}},"12":{"start":{"line":22,"column":4},"end":{"line":22,"column":55}},"13":{"start":{"line":24,"column":4},"end":{"line":24,"column":16}},"14":{"start":{"line":16,"column":0},"end":{"line":16,"column":7}},"15":{"start":{"line":29,"column":45},"end":{"line":29,"column":79}},"16":{"start":{"line":30,"column":21},"end":{"line":30,"column":24}},"17":{"start":{"line":32,"column":2},"end":{"line":42,"column":null}},"18":{"start":{"line":33,"column":23},"end":{"line":33,"column":107}},"19":{"start":{"line":34,"column":4},"end":{"line":36,"column":7}},"20":{"start":{"line":38,"column":4},"end":{"line":40,"column":null}},"21":{"start":{"line":39,"column":6},"end":{"line":39,"column":57}},"22":{"start":{"line":41,"column":4},"end":{"line":41,"column":58}},"23":{"start":{"line":28,"column":0},"end":{"line":28,"column":7}},"24":{"start":{"line":46,"column":21},"end":{"line":46,"column":24}},"25":{"start":{"line":47,"column":27},"end":{"line":47,"column":37}},"26":{"start":{"line":49,"column":2},"end":{"line":54,"column":null}},"27":{"start":{"line":50,"column":4},"end":{"line":50,"column":77}},"28":{"start":{"line":51,"column":4},"end":{"line":51,"column":47}},"29":{"start":{"line":53,"column":4},"end":{"line":53,"column":16}},"30":{"start":{"line":45,"column":0},"end":{"line":45,"column":7}}},"fnMap":{"0":{"name":"credentialsList","decl":{"start":{"line":5,"column":22},"end":{"line":5,"column":37}},"loc":{"start":{"line":5,"column":81},"end":{"line":14,"column":1}}},"1":{"name":"showCredentials","decl":{"start":{"line":16,"column":22},"end":{"line":16,"column":37}},"loc":{"start":{"line":16,"column":81},"end":{"line":26,"column":1}}},"2":{"name":"credentialsStore","decl":{"start":{"line":28,"column":22},"end":{"line":28,"column":38}},"loc":{"start":{"line":28,"column":62},"end":{"line":43,"column":1}}},"3":{"name":"deleteCredentials","decl":{"start":{"line":45,"column":22},"end":{"line":45,"column":39}},"loc":{"start":{"line":45,"column":83},"end":{"line":55,"column":1}}}},"branchMap":{"0":{"loc":{"start":{"line":38,"column":4},"end":{"line":40,"column":null}},"type":"if","locations":[{"start":{"line":38,"column":4},"end":{"line":40,"column":null}}]}},"s":{"0":2,"1":2,"2":3,"3":3,"4":3,"5":1,"6":2,"7":2,"8":2,"9":2,"10":2,"11":2,"12":1,"13":1,"14":2,"15":2,"16":2,"17":2,"18":2,"19":1,"20":1,"21":1,"22":0,"23":2,"24":3,"25":3,"26":3,"27":3,"28":1,"29":2,"30":2},"f":{"0":3,"1":2,"2":2,"3":3},"b":{"0":[1]}}
,"/home/igor/Documentos/Projetos-Driven/Back-Postgres/projeto-drivenpass/src/controllers/users-controller.ts": {"path":"/home/igor/Documentos/Projetos-Driven/Back-Postgres/projeto-drivenpass/src/controllers/users-controller.ts","statementMap":{"0":{"start":{"line":2,"column":0},"end":{"line":2,"column":37}},"1":{"start":{"line":3,"column":0},"end":{"line":3,"column":52}},"2":{"start":{"line":7,"column":32},"end":{"line":7,"column":40}},"3":{"start":{"line":9,"column":4},"end":{"line":20,"column":null}},"4":{"start":{"line":10,"column":6},"end":{"line":10,"column":56}},"5":{"start":{"line":12,"column":6},"end":{"line":12,"column":48}},"6":{"start":{"line":15,"column":6},"end":{"line":17,"column":null}},"7":{"start":{"line":16,"column":8},"end":{"line":16,"column":59}},"8":{"start":{"line":19,"column":6},"end":{"line":19,"column":60}},"9":{"start":{"line":6,"column":0},"end":{"line":6,"column":7}},"10":{"start":{"line":24,"column":30},"end":{"line":24,"column":54}},"11":{"start":{"line":26,"column":2},"end":{"line":37,"column":null}},"12":{"start":{"line":27,"column":25},"end":{"line":27,"column":74}},"13":{"start":{"line":29,"column":4},"end":{"line":29,"column":56}},"14":{"start":{"line":32,"column":4},"end":{"line":34,"column":null}},"15":{"start":{"line":33,"column":6},"end":{"line":33,"column":61}},"16":{"start":{"line":36,"column":4},"end":{"line":36,"column":58}},"17":{"start":{"line":23,"column":0},"end":{"line":23,"column":7}}},"fnMap":{"0":{"name":"createUser","decl":{"start":{"line":6,"column":22},"end":{"line":6,"column":32}},"loc":{"start":{"line":6,"column":60},"end":{"line":21,"column":1}}},"1":{"name":"searchUser","decl":{"start":{"line":23,"column":22},"end":{"line":23,"column":32}},"loc":{"start":{"line":23,"column":60},"end":{"line":38,"column":1}}}},"branchMap":{"0":{"loc":{"start":{"line":15,"column":6},"end":{"line":17,"column":null}},"type":"if","locations":[{"start":{"line":15,"column":6},"end":{"line":17,"column":null}}]},"1":{"loc":{"start":{"line":32,"column":4},"end":{"line":34,"column":null}},"type":"if","locations":[{"start":{"line":32,"column":4},"end":{"line":34,"column":null}}]}},"s":{"0":2,"1":2,"2":4,"3":4,"4":4,"5":3,"6":1,"7":1,"8":0,"9":2,"10":4,"11":4,"12":4,"13":2,"14":2,"15":2,"16":0,"17":2},"f":{"0":4,"1":4},"b":{"0":[1],"1":[2]}}
,"/home/igor/Documentos/Projetos-Driven/Back-Postgres/projeto-drivenpass/src/errors/duplicatedTitle-error.ts": {"path":"/home/igor/Documentos/Projetos-Driven/Back-Postgres/projeto-drivenpass/src/errors/duplicatedTitle-error.ts","statementMap":{"0":{"start":{"line":4,"column":2},"end":{"line":7,"column":4}},"1":{"start":{"line":3,"column":0},"end":{"line":3,"column":16}}},"fnMap":{"0":{"name":"DuplicatedTitleError","decl":{"start":{"line":3,"column":16},"end":{"line":3,"column":36}},"loc":{"start":{"line":3,"column":36},"end":{"line":8,"column":1}}}},"branchMap":{},"s":{"0":1,"1":2},"f":{"0":1},"b":{}}
,"/home/igor/Documentos/Projetos-Driven/Back-Postgres/projeto-drivenpass/src/errors/invalid-data-error.ts": {"path":"/home/igor/Documentos/Projetos-Driven/Back-Postgres/projeto-drivenpass/src/errors/invalid-data-error.ts","statementMap":{"0":{"start":{"line":4,"column":2},"end":{"line":8,"column":4}},"1":{"start":{"line":3,"column":0},"end":{"line":3,"column":16}}},"fnMap":{"0":{"name":"invalidDataError","decl":{"start":{"line":3,"column":16},"end":{"line":3,"column":32}},"loc":{"start":{"line":3,"column":50},"end":{"line":9,"column":1}}}},"branchMap":{},"s":{"0":5,"1":2},"f":{"0":5},"b":{}}
,"/home/igor/Documentos/Projetos-Driven/Back-Postgres/projeto-drivenpass/src/errors/notFound-error.ts": {"path":"/home/igor/Documentos/Projetos-Driven/Back-Postgres/projeto-drivenpass/src/errors/notFound-error.ts","statementMap":{"0":{"start":{"line":4,"column":2},"end":{"line":7,"column":4}},"1":{"start":{"line":3,"column":0},"end":{"line":3,"column":16}}},"fnMap":{"0":{"name":"notFoundError","decl":{"start":{"line":3,"column":16},"end":{"line":3,"column":29}},"loc":{"start":{"line":3,"column":29},"end":{"line":8,"column":1}}}},"branchMap":{},"s":{"0":5,"1":2},"f":{"0":5},"b":{}}
,"/home/igor/Documentos/Projetos-Driven/Back-Postgres/projeto-drivenpass/src/errors/unauthorized-error.ts": {"path":"/home/igor/Documentos/Projetos-Driven/Back-Postgres/projeto-drivenpass/src/errors/unauthorized-error.ts","statementMap":{"0":{"start":{"line":4,"column":2},"end":{"line":7,"column":4}},"1":{"start":{"line":3,"column":0},"end":{"line":3,"column":16}}},"fnMap":{"0":{"name":"unauthorizedError","decl":{"start":{"line":3,"column":16},"end":{"line":3,"column":33}},"loc":{"start":{"line":3,"column":33},"end":{"line":8,"column":1}}}},"branchMap":{},"s":{"0":12,"1":2},"f":{"0":12},"b":{}}
,"/home/igor/Documentos/Projetos-Driven/Back-Postgres/projeto-drivenpass/src/middlewares/authentication-middleware.ts": {"path":"/home/igor/Documentos/Projetos-Driven/Back-Postgres/projeto-drivenpass/src/middlewares/authentication-middleware.ts","statementMap":{"0":{"start":{"line":2,"column":0},"end":{"line":2,"column":44}},"1":{"start":{"line":3,"column":0},"end":{"line":3,"column":31}},"2":{"start":{"line":4,"column":0},"end":{"line":4,"column":37}},"3":{"start":{"line":5,"column":0},"end":{"line":5,"column":65}},"4":{"start":{"line":8,"column":21},"end":{"line":8,"column":48}},"5":{"start":{"line":9,"column":2},"end":{"line":9,"column":48}},"6":{"start":{"line":9,"column":19},"end":{"line":9,"column":48}},"7":{"start":{"line":11,"column":16},"end":{"line":11,"column":40}},"8":{"start":{"line":12,"column":2},"end":{"line":12,"column":43}},"9":{"start":{"line":12,"column":14},"end":{"line":12,"column":43}},"10":{"start":{"line":14,"column":2},"end":{"line":29,"column":null}},"11":{"start":{"line":15,"column":23},"end":{"line":15,"column":65}},"12":{"start":{"line":17,"column":20},"end":{"line":21,"column":6}},"13":{"start":{"line":22,"column":4},"end":{"line":22,"column":47}},"14":{"start":{"line":22,"column":18},"end":{"line":22,"column":47}},"15":{"start":{"line":24,"column":4},"end":{"line":24,"column":24}},"16":{"start":{"line":26,"column":4},"end":{"line":26,"column":18}},"17":{"start":{"line":28,"column":4},"end":{"line":28,"column":33}},"18":{"start":{"line":7,"column":0},"end":{"line":7,"column":7}},"19":{"start":{"line":33,"column":4},"end":{"line":33,"column":66}}},"fnMap":{"0":{"name":"authToken","decl":{"start":{"line":7,"column":22},"end":{"line":7,"column":31}},"loc":{"start":{"line":7,"column":75},"end":{"line":30,"column":1}}},"1":{"name":"UnauthorizedUser","decl":{"start":{"line":32,"column":9},"end":{"line":32,"column":25}},"loc":{"start":{"line":32,"column":39},"end":{"line":34,"column":1}}}},"branchMap":{"0":{"loc":{"start":{"line":9,"column":2},"end":{"line":9,"column":48}},"type":"if","locations":[{"start":{"line":9,"column":2},"end":{"line":9,"column":48}}]},"1":{"loc":{"start":{"line":12,"column":2},"end":{"line":12,"column":43}},"type":"if","locations":[{"start":{"line":12,"column":2},"end":{"line":12,"column":43}}]},"2":{"loc":{"start":{"line":22,"column":4},"end":{"line":22,"column":47}},"type":"if","locations":[{"start":{"line":22,"column":4},"end":{"line":22,"column":47}}]}},"s":{"0":2,"1":2,"2":2,"3":2,"4":22,"5":22,"6":4,"7":18,"8":18,"9":0,"10":18,"11":18,"12":14,"13":14,"14":4,"15":10,"16":10,"17":4,"18":2,"19":12},"f":{"0":22,"1":12},"b":{"0":[4],"1":[0],"2":[4]}}
,"/home/igor/Documentos/Projetos-Driven/Back-Postgres/projeto-drivenpass/src/middlewares/validation-middleware.ts": {"path":"/home/igor/Documentos/Projetos-Driven/Back-Postgres/projeto-drivenpass/src/middlewares/validation-middleware.ts","statementMap":{"0":{"start":{"line":2,"column":0},"end":{"line":2,"column":37}},"1":{"start":{"line":4,"column":0},"end":{"line":4,"column":64}},"2":{"start":{"line":7,"column":4},"end":{"line":7,"column":36}},"3":{"start":{"line":6,"column":0},"end":{"line":6,"column":16}},"4":{"start":{"line":11,"column":4},"end":{"line":21,"column":6}},"5":{"start":{"line":12,"column":24},"end":{"line":14,"column":8}},"6":{"start":{"line":16,"column":6},"end":{"line":20,"column":null}},"7":{"start":{"line":17,"column":8},"end":{"line":17,"column":15}},"8":{"start":{"line":19,"column":8},"end":{"line":19,"column":103}},"9":{"start":{"line":19,"column":90},"end":{"line":19,"column":99}}},"fnMap":{"0":{"name":"validateBody","decl":{"start":{"line":6,"column":16},"end":{"line":6,"column":28}},"loc":{"start":{"line":6,"column":55},"end":{"line":8,"column":1}}},"1":{"name":"validate","decl":{"start":{"line":10,"column":9},"end":{"line":10,"column":17}},"loc":{"start":{"line":10,"column":63},"end":{"line":22,"column":1}}},"2":{"name":"(anonymous_3)","decl":{"start":{"line":11,"column":11},"end":{"line":11,"column":12}},"loc":{"start":{"line":11,"column":63},"end":{"line":21,"column":5}}},"3":{"name":"(anonymous_4)","decl":{"start":{"line":19,"column":83},"end":{"line":19,"column":84}},"loc":{"start":{"line":19,"column":90},"end":{"line":19,"column":99}}}},"branchMap":{"0":{"loc":{"start":{"line":16,"column":6},"end":{"line":20,"column":null}},"type":"if","locations":[{"start":{"line":16,"column":6},"end":{"line":20,"column":null}},{"start":{"line":18,"column":13},"end":{"line":20,"column":null}}]}},"s":{"0":2,"1":2,"2":6,"3":2,"4":6,"5":15,"6":15,"7":10,"8":5,"9":11},"f":{"0":6,"1":6,"2":15,"3":11},"b":{"0":[10,5]}}
,"/home/igor/Documentos/Projetos-Driven/Back-Postgres/projeto-drivenpass/src/repositories/credentials-repository/index.ts": {"path":"/home/igor/Documentos/Projetos-Driven/Back-Postgres/projeto-drivenpass/src/repositories/credentials-repository/index.ts","statementMap":{"0":{"start":{"line":2,"column":0},"end":{"line":2,"column":47}},"1":{"start":{"line":5,"column":50},"end":{"line":9,"column":4}},"2":{"start":{"line":11,"column":2},"end":{"line":13,"column":null}},"3":{"start":{"line":12,"column":4},"end":{"line":12,"column":27}},"4":{"start":{"line":15,"column":2},"end":{"line":15,"column":46}},"5":{"start":{"line":19,"column":2},"end":{"line":24,"column":5}},"6":{"start":{"line":28,"column":2},"end":{"line":32,"column":5}},"7":{"start":{"line":36,"column":2},"end":{"line":38,"column":5}},"8":{"start":{"line":42,"column":2},"end":{"line":46,"column":5}},"9":{"start":{"line":49,"column":29},"end":{"line":55,"column":2}},"10":{"start":{"line":57,"column":0},"end":{"line":57,"column":36}}},"fnMap":{"0":{"name":"findById","decl":{"start":{"line":4,"column":15},"end":{"line":4,"column":23}},"loc":{"start":{"line":4,"column":62},"end":{"line":16,"column":1}}},"1":{"name":"findByTitle","decl":{"start":{"line":18,"column":15},"end":{"line":18,"column":26}},"loc":{"start":{"line":18,"column":56},"end":{"line":25,"column":1}}},"2":{"name":"listCredential","decl":{"start":{"line":27,"column":15},"end":{"line":27,"column":29}},"loc":{"start":{"line":27,"column":44},"end":{"line":33,"column":1}}},"3":{"name":"create","decl":{"start":{"line":35,"column":15},"end":{"line":35,"column":21}},"loc":{"start":{"line":35,"column":65},"end":{"line":39,"column":1}}},"4":{"name":"remove","decl":{"start":{"line":41,"column":15},"end":{"line":41,"column":21}},"loc":{"start":{"line":41,"column":42},"end":{"line":47,"column":1}}}},"branchMap":{"0":{"loc":{"start":{"line":11,"column":2},"end":{"line":13,"column":null}},"type":"if","locations":[{"start":{"line":11,"column":2},"end":{"line":13,"column":null}}]}},"s":{"0":2,"1":5,"2":5,"3":0,"4":5,"5":2,"6":3,"7":1,"8":1,"9":2,"10":2},"f":{"0":5,"1":2,"2":3,"3":1,"4":1},"b":{"0":[0]}}
,"/home/igor/Documentos/Projetos-Driven/Back-Postgres/projeto-drivenpass/src/repositories/session-repository/index.ts": {"path":"/home/igor/Documentos/Projetos-Driven/Back-Postgres/projeto-drivenpass/src/repositories/session-repository/index.ts","statementMap":{"0":{"start":{"line":2,"column":0},"end":{"line":2,"column":47}},"1":{"start":{"line":5,"column":2},"end":{"line":5,"column":41}},"2":{"start":{"line":8,"column":26},"end":{"line":10,"column":2}},"3":{"start":{"line":12,"column":0},"end":{"line":12,"column":33}}},"fnMap":{"0":{"name":"create","decl":{"start":{"line":4,"column":15},"end":{"line":4,"column":21}},"loc":{"start":{"line":4,"column":62},"end":{"line":6,"column":1}}}},"branchMap":{},"s":{"0":2,"1":2,"2":2,"3":2},"f":{"0":2},"b":{}}
,"/home/igor/Documentos/Projetos-Driven/Back-Postgres/projeto-drivenpass/src/repositories/users-repository/index.ts": {"path":"/home/igor/Documentos/Projetos-Driven/Back-Postgres/projeto-drivenpass/src/repositories/users-repository/index.ts","statementMap":{"0":{"start":{"line":1,"column":0},"end":{"line":1,"column":47}},"1":{"start":{"line":4,"column":22},"end":{"line":6,"column":6}},"2":{"start":{"line":8,"column":4},"end":{"line":8,"column":21}},"3":{"start":{"line":12,"column":4},"end":{"line":17,"column":null}},"4":{"start":{"line":20,"column":23},"end":{"line":23,"column":2}},"5":{"start":{"line":25,"column":0},"end":{"line":25,"column":30}}},"fnMap":{"0":{"name":"findByEmail","decl":{"start":{"line":3,"column":15},"end":{"line":3,"column":26}},"loc":{"start":{"line":3,"column":40},"end":{"line":9,"column":1}}},"1":{"name":"create","decl":{"start":{"line":11,"column":15},"end":{"line":11,"column":21}},"loc":{"start":{"line":11,"column":53},"end":{"line":18,"column":1}}}},"branchMap":{},"s":{"0":2,"1":8,"2":8,"3":3,"4":2,"5":2},"f":{"0":8,"1":3},"b":{}}
,"/home/igor/Documentos/Projetos-Driven/Back-Postgres/projeto-drivenpass/src/routers/credentials-router.ts": {"path":"/home/igor/Documentos/Projetos-Driven/Back-Postgres/projeto-drivenpass/src/routers/credentials-router.ts","statementMap":{"0":{"start":{"line":1,"column":0},"end":{"line":1,"column":33}},"1":{"start":{"line":3,"column":0},"end":{"line":3,"column":69}},"2":{"start":{"line":4,"column":0},"end":{"line":4,"column":125}},"3":{"start":{"line":5,"column":0},"end":{"line":5,"column":68}},"4":{"start":{"line":6,"column":0},"end":{"line":6,"column":66}},"5":{"start":{"line":9,"column":26},"end":{"line":9,"column":34}},"6":{"start":{"line":11,"column":0},"end":{"line":11,"column":39}},"7":{"start":{"line":12,"column":0},"end":{"line":12,"column":44}},"8":{"start":{"line":13,"column":0},"end":{"line":13,"column":57}},"9":{"start":{"line":14,"column":0},"end":{"line":14,"column":78}},"10":{"start":{"line":15,"column":0},"end":{"line":15,"column":62}},"11":{"start":{"line":17,"column":0},"end":{"line":17,"column":33}}},"fnMap":{},"branchMap":{},"s":{"0":2,"1":2,"2":2,"3":2,"4":2,"5":2,"6":2,"7":2,"8":2,"9":2,"10":2,"11":2},"f":{},"b":{}}
,"/home/igor/Documentos/Projetos-Driven/Back-Postgres/projeto-drivenpass/src/routers/users-router.ts": {"path":"/home/igor/Documentos/Projetos-Driven/Back-Postgres/projeto-drivenpass/src/routers/users-router.ts","statementMap":{"0":{"start":{"line":1,"column":0},"end":{"line":1,"column":33}},"1":{"start":{"line":2,"column":0},"end":{"line":2,"column":59}},"2":{"start":{"line":3,"column":0},"end":{"line":3,"column":68}},"3":{"start":{"line":4,"column":0},"end":{"line":4,"column":73}},"4":{"start":{"line":6,"column":19},"end":{"line":6,"column":27}},"5":{"start":{"line":8,"column":0},"end":{"line":8,"column":72}},"6":{"start":{"line":9,"column":0},"end":{"line":9,"column":72}},"7":{"start":{"line":11,"column":0},"end":{"line":11,"column":26}}},"fnMap":{},"branchMap":{},"s":{"0":2,"1":2,"2":2,"3":2,"4":2,"5":2,"6":2,"7":2},"f":{},"b":{}}
,"/home/igor/Documentos/Projetos-Driven/Back-Postgres/projeto-drivenpass/src/schemas/credentials-schemas.ts": {"path":"/home/igor/Documentos/Projetos-Driven/Back-Postgres/projeto-drivenpass/src/schemas/credentials-schemas.ts","statementMap":{"0":{"start":{"line":1,"column":0},"end":{"line":1,"column":22}},"1":{"start":{"line":4,"column":13},"end":{"line":9,"column":3}}},"fnMap":{},"branchMap":{},"s":{"0":2,"1":2},"f":{},"b":{}}
,"/home/igor/Documentos/Projetos-Driven/Back-Postgres/projeto-drivenpass/src/schemas/users-schema.ts": {"path":"/home/igor/Documentos/Projetos-Driven/Back-Postgres/projeto-drivenpass/src/schemas/users-schema.ts","statementMap":{"0":{"start":{"line":1,"column":0},"end":{"line":1,"column":22}},"1":{"start":{"line":4,"column":13},"end":{"line":7,"column":3}}},"fnMap":{},"branchMap":{},"s":{"0":2,"1":2},"f":{},"b":{}}
,"/home/igor/Documentos/Projetos-Driven/Back-Postgres/projeto-drivenpass/src/services/credentials-service/index.ts": {"path":"/home/igor/Documentos/Projetos-Driven/Back-Postgres/projeto-drivenpass/src/services/credentials-service/index.ts","statementMap":{"0":{"start":{"line":2,"column":0},"end":{"line":2,"column":70}},"1":{"start":{"line":3,"column":0},"end":{"line":3,"column":74}},"2":{"start":{"line":4,"column":0},"end":{"line":4,"column":60}},"3":{"start":{"line":5,"column":0},"end":{"line":5,"column":77}},"4":{"start":{"line":9,"column":22},"end":{"line":9,"column":71}},"5":{"start":{"line":10,"column":2},"end":{"line":12,"column":null}},"6":{"start":{"line":11,"column":4},"end":{"line":11,"column":26}},"7":{"start":{"line":14,"column":2},"end":{"line":14,"column":105}},"8":{"start":{"line":14,"column":35},"end":{"line":14,"column":102}},"9":{"start":{"line":15,"column":2},"end":{"line":15,"column":21}},"10":{"start":{"line":19,"column":21},"end":{"line":19,"column":70}},"11":{"start":{"line":20,"column":2},"end":{"line":22,"column":null}},"12":{"start":{"line":21,"column":4},"end":{"line":21,"column":26}},"13":{"start":{"line":24,"column":2},"end":{"line":24,"column":70}},"14":{"start":{"line":25,"column":2},"end":{"line":25,"column":20}},"15":{"start":{"line":35,"column":2},"end":{"line":35,"column":37}},"16":{"start":{"line":37,"column":25},"end":{"line":37,"column":59}},"17":{"start":{"line":38,"column":2},"end":{"line":44,"column":5}},"18":{"start":{"line":28,"column":0},"end":{"line":28,"column":7}},"19":{"start":{"line":48,"column":21},"end":{"line":48,"column":70}},"20":{"start":{"line":49,"column":2},"end":{"line":51,"column":null}},"21":{"start":{"line":50,"column":4},"end":{"line":50,"column":26}},"22":{"start":{"line":53,"column":2},"end":{"line":53,"column":50}},"23":{"start":{"line":57,"column":34},"end":{"line":57,"column":87}},"24":{"start":{"line":58,"column":2},"end":{"line":60,"column":null}},"25":{"start":{"line":59,"column":4},"end":{"line":59,"column":33}},"26":{"start":{"line":65,"column":26},"end":{"line":70,"column":2}},"27":{"start":{"line":72,"column":0},"end":{"line":72,"column":33}}},"fnMap":{"0":{"name":"listCredential","decl":{"start":{"line":8,"column":15},"end":{"line":8,"column":29}},"loc":{"start":{"line":8,"column":44},"end":{"line":16,"column":1}}},"1":{"name":"(anonymous_2)","decl":{"start":{"line":14,"column":18},"end":{"line":14,"column":19}},"loc":{"start":{"line":14,"column":35},"end":{"line":14,"column":102}}},"2":{"name":"showCredential","decl":{"start":{"line":18,"column":15},"end":{"line":18,"column":29}},"loc":{"start":{"line":18,"column":66},"end":{"line":26,"column":1}}},"3":{"name":"createCredential","decl":{"start":{"line":28,"column":22},"end":{"line":28,"column":38}},"loc":{"start":{"line":34,"column":25},"end":{"line":45,"column":1}}},"4":{"name":"deleteCredential","decl":{"start":{"line":47,"column":15},"end":{"line":47,"column":31}},"loc":{"start":{"line":47,"column":68},"end":{"line":54,"column":1}}},"5":{"name":"validateTitle","decl":{"start":{"line":56,"column":15},"end":{"line":56,"column":28}},"loc":{"start":{"line":56,"column":58},"end":{"line":61,"column":1}}}},"branchMap":{"0":{"loc":{"start":{"line":10,"column":2},"end":{"line":12,"column":null}},"type":"if","locations":[{"start":{"line":10,"column":2},"end":{"line":12,"column":null}}]},"1":{"loc":{"start":{"line":20,"column":2},"end":{"line":22,"column":null}},"type":"if","locations":[{"start":{"line":20,"column":2},"end":{"line":22,"column":null}}]},"2":{"loc":{"start":{"line":20,"column":6},"end":{"line":20,"column":49}},"type":"binary-expr","locations":[{"start":{"line":20,"column":6},"end":{"line":20,"column":17}},{"start":{"line":20,"column":21},"end":{"line":20,"column":49}}]},"3":{"loc":{"start":{"line":49,"column":2},"end":{"line":51,"column":null}},"type":"if","locations":[{"start":{"line":49,"column":2},"end":{"line":51,"column":null}}]},"4":{"loc":{"start":{"line":49,"column":6},"end":{"line":49,"column":49}},"type":"binary-expr","locations":[{"start":{"line":49,"column":6},"end":{"line":49,"column":17}},{"start":{"line":49,"column":21},"end":{"line":49,"column":49}}]},"5":{"loc":{"start":{"line":58,"column":2},"end":{"line":60,"column":null}},"type":"if","locations":[{"start":{"line":58,"column":2},"end":{"line":60,"column":null}}]}},"s":{"0":2,"1":2,"2":2,"3":2,"4":3,"5":3,"6":2,"7":1,"8":2,"9":1,"10":2,"11":2,"12":1,"13":1,"14":1,"15":2,"16":1,"17":1,"18":2,"19":3,"20":3,"21":2,"22":1,"23":2,"24":2,"25":1,"26":2,"27":2},"f":{"0":3,"1":2,"2":2,"3":2,"4":3,"5":2},"b":{"0":[2],"1":[1],"2":[2,2],"3":[2],"4":[3,2],"5":[1]}}
,"/home/igor/Documentos/Projetos-Driven/Back-Postgres/projeto-drivenpass/src/services/users-service/errors.ts": {"path":"/home/igor/Documentos/Projetos-Driven/Back-Postgres/projeto-drivenpass/src/services/users-service/errors.ts","statementMap":{"0":{"start":{"line":4,"column":2},"end":{"line":7,"column":4}},"1":{"start":{"line":3,"column":0},"end":{"line":3,"column":16}},"2":{"start":{"line":11,"column":2},"end":{"line":14,"column":4}},"3":{"start":{"line":10,"column":0},"end":{"line":10,"column":16}}},"fnMap":{"0":{"name":"duplicatedEmailError","decl":{"start":{"line":3,"column":16},"end":{"line":3,"column":36}},"loc":{"start":{"line":3,"column":36},"end":{"line":8,"column":1}}},"1":{"name":"invalidEmailPasswordError","decl":{"start":{"line":10,"column":16},"end":{"line":10,"column":41}},"loc":{"start":{"line":10,"column":41},"end":{"line":15,"column":1}}}},"branchMap":{},"s":{"0":2,"1":2,"2":2,"3":2},"f":{"0":2,"1":2},"b":{}}
,"/home/igor/Documentos/Projetos-Driven/Back-Postgres/projeto-drivenpass/src/services/users-service/index.ts": {"path":"/home/igor/Documentos/Projetos-Driven/Back-Postgres/projeto-drivenpass/src/services/users-service/index.ts","statementMap":{"0":{"start":{"line":2,"column":0},"end":{"line":2,"column":28}},"1":{"start":{"line":3,"column":0},"end":{"line":3,"column":31}},"2":{"start":{"line":4,"column":0},"end":{"line":4,"column":51}},"3":{"start":{"line":5,"column":0},"end":{"line":5,"column":75}},"4":{"start":{"line":6,"column":0},"end":{"line":6,"column":65}},"5":{"start":{"line":7,"column":0},"end":{"line":7,"column":70}},"6":{"start":{"line":10,"column":2},"end":{"line":10,"column":35}},"7":{"start":{"line":12,"column":25},"end":{"line":12,"column":56}},"8":{"start":{"line":14,"column":2},"end":{"line":14,"column":53}},"9":{"start":{"line":9,"column":0},"end":{"line":9,"column":7}},"10":{"start":{"line":18,"column":30},"end":{"line":18,"column":36}},"11":{"start":{"line":20,"column":15},"end":{"line":20,"column":54}},"12":{"start":{"line":21,"column":2},"end":{"line":21,"column":46}},"13":{"start":{"line":21,"column":12},"end":{"line":21,"column":46}},"14":{"start":{"line":23,"column":26},"end":{"line":23,"column":71}},"15":{"start":{"line":24,"column":2},"end":{"line":24,"column":57}},"16":{"start":{"line":24,"column":23},"end":{"line":24,"column":57}},"17":{"start":{"line":26,"column":16},"end":{"line":26,"column":44}},"18":{"start":{"line":28,"column":2},"end":{"line":31,"column":4}},"19":{"start":{"line":17,"column":0},"end":{"line":17,"column":7}},"20":{"start":{"line":35,"column":28},"end":{"line":35,"column":67}},"21":{"start":{"line":37,"column":2},"end":{"line":39,"column":null}},"22":{"start":{"line":38,"column":4},"end":{"line":38,"column":33}},"23":{"start":{"line":43,"column":16},"end":{"line":43,"column":50}},"24":{"start":{"line":44,"column":2},"end":{"line":47,"column":5}},"25":{"start":{"line":49,"column":2},"end":{"line":49,"column":15}},"26":{"start":{"line":60,"column":20},"end":{"line":63,"column":2}},"27":{"start":{"line":65,"column":0},"end":{"line":65,"column":27}}},"fnMap":{"0":{"name":"createUser","decl":{"start":{"line":9,"column":22},"end":{"line":9,"column":32}},"loc":{"start":{"line":9,"column":70},"end":{"line":15,"column":1}}},"1":{"name":"searchUser","decl":{"start":{"line":17,"column":22},"end":{"line":17,"column":32}},"loc":{"start":{"line":17,"column":53},"end":{"line":32,"column":1}}},"2":{"name":"validateUniqueEmail","decl":{"start":{"line":34,"column":15},"end":{"line":34,"column":34}},"loc":{"start":{"line":34,"column":48},"end":{"line":40,"column":1}}},"3":{"name":"createSession","decl":{"start":{"line":42,"column":15},"end":{"line":42,"column":28}},"loc":{"start":{"line":42,"column":43},"end":{"line":50,"column":1}}}},"branchMap":{"0":{"loc":{"start":{"line":21,"column":2},"end":{"line":21,"column":46}},"type":"if","locations":[{"start":{"line":21,"column":2},"end":{"line":21,"column":46}}]},"1":{"loc":{"start":{"line":24,"column":2},"end":{"line":24,"column":57}},"type":"if","locations":[{"start":{"line":24,"column":2},"end":{"line":24,"column":57}}]},"2":{"loc":{"start":{"line":37,"column":2},"end":{"line":39,"column":null}},"type":"if","locations":[{"start":{"line":37,"column":2},"end":{"line":39,"column":null}}]}},"s":{"0":2,"1":2,"2":2,"3":2,"4":2,"5":2,"6":4,"7":3,"8":3,"9":2,"10":4,"11":4,"12":4,"13":1,"14":3,"15":3,"16":1,"17":2,"18":2,"19":2,"20":4,"21":4,"22":1,"23":2,"24":2,"25":2,"26":2,"27":2},"f":{"0":4,"1":4,"2":4,"3":2},"b":{"0":[1],"1":[1],"2":[1]}}
,"/home/igor/Documentos/Projetos-Driven/Back-Postgres/projeto-drivenpass/src/utils/cryptographyUtil-utils.ts": {"path":"/home/igor/Documentos/Projetos-Driven/Back-Postgres/projeto-drivenpass/src/utils/cryptographyUtil-utils.ts","statementMap":{"0":{"start":{"line":1,"column":0},"end":{"line":1,"column":28}},"1":{"start":{"line":3,"column":15},"end":{"line":3,"column":39}},"2":{"start":{"line":6,"column":2},"end":{"line":6,"column":34}},"3":{"start":{"line":10,"column":2},"end":{"line":10,"column":43}},"4":{"start":{"line":13,"column":13},"end":{"line":16,"column":2}}},"fnMap":{"0":{"name":"encrypt","decl":{"start":{"line":5,"column":9},"end":{"line":5,"column":16}},"loc":{"start":{"line":5,"column":33},"end":{"line":7,"column":1}}},"1":{"name":"decrypt","decl":{"start":{"line":9,"column":9},"end":{"line":9,"column":16}},"loc":{"start":{"line":9,"column":42},"end":{"line":11,"column":1}}}},"branchMap":{},"s":{"0":2,"1":2,"2":11,"3":6,"4":2},"f":{"0":11,"1":6},"b":{}}
,"/home/igor/Documentos/Projetos-Driven/Back-Postgres/projeto-drivenpass/src/utils/prisma-utils.ts": {"path":"/home/igor/Documentos/Projetos-Driven/Back-Postgres/projeto-drivenpass/src/utils/prisma-utils.ts","statementMap":{"0":{"start":{"line":2,"column":22},"end":{"line":2,"column":56}},"1":{"start":{"line":3,"column":4},"end":{"line":5,"column":null}},"2":{"start":{"line":4,"column":6},"end":{"line":4,"column":28}},"3":{"start":{"line":6,"column":4},"end":{"line":6,"column":21}},"4":{"start":{"line":1,"column":0},"end":{"line":1,"column":16}}},"fnMap":{"0":{"name":"exclude","decl":{"start":{"line":1,"column":16},"end":{"line":1,"column":23}},"loc":{"start":{"line":1,"column":73},"end":{"line":7,"column":1}}}},"branchMap":{},"s":{"0":2,"1":2,"2":2,"3":2,"4":2},"f":{"0":2},"b":{}}
}
