TN:
SF:src/app.ts
FN:17,init
FN:22,close
FNF:2
FNH:1
FNDA:1,init
FNDA:0,close
DA:1,1
DA:2,1
DA:3,1
DA:4,1
DA:5,1
DA:7,1
DA:9,1
DA:11,1
DA:12,1
DA:17,1
DA:18,1
DA:19,1
DA:22,1
DA:23,0
DA:26,1
LF:15
LH:14
BRF:0
BRH:0
end_of_record
TN:
SF:src/server.ts
FN:5,(anonymous_1)
FNF:1
FNH:0
FNDA:0,(anonymous_1)
DA:1,0
DA:3,0
DA:5,0
DA:6,0
LF:4
LH:0
BRF:0
BRH:0
end_of_record
TN:
SF:src/config/config-index.ts
FNF:0
FNH:0
DA:1,0
DA:2,0
LF:2
LH:0
BRF:0
BRH:0
end_of_record
TN:
SF:src/config/database.ts
FN:4,connectDb
FN:8,disconnectDB
FNF:2
FNH:1
FNDA:1,connectDb
FNDA:0,disconnectDB
DA:1,1
DA:4,1
DA:5,1
DA:8,1
DA:9,0
LF:5
LH:4
BRDA:9,0,0,0
BRDA:9,0,1,0
BRDA:9,1,0,0
BRDA:9,1,1,0
BRF:4
BRH:0
end_of_record
TN:
SF:src/config/envs.ts
FN:4,loadEnv
FNF:1
FNH:1
FNDA:2,loadEnv
DA:1,1
DA:2,1
DA:4,1
DA:6,2
DA:12,2
DA:13,2
LF:6
LH:6
BRDA:6,0,0,2
BRDA:6,0,1,0
BRDA:8,1,0,0
BRDA:8,1,1,0
BRF:4
BRH:1
end_of_record
TN:
SF:src/controllers/users-controller.ts
FN:6,createUser
FN:23,searchUser
FNF:2
FNH:2
FNDA:4,createUser
FNDA:4,searchUser
DA:2,1
DA:3,1
DA:6,1
DA:7,4
DA:9,4
DA:10,4
DA:12,3
DA:15,1
DA:16,1
DA:19,0
DA:23,1
DA:24,4
DA:26,4
DA:27,4
DA:29,2
DA:32,2
DA:33,2
DA:36,0
LF:18
LH:16
BRDA:15,0,0,1
BRDA:32,1,0,2
BRF:2
BRH:2
end_of_record
TN:
SF:src/errors/invalid-data-error.ts
FN:3,invalidDataError
FNF:1
FNH:1
FNDA:5,invalidDataError
DA:3,1
DA:4,5
LF:2
LH:2
BRF:0
BRH:0
end_of_record
TN:
SF:src/middlewares/validation-middleware.ts
FN:6,validateBody
FN:10,validate
FN:11,(anonymous_3)
FN:19,(anonymous_4)
FNF:4
FNH:4
FNDA:2,validateBody
FNDA:2,validate
FNDA:13,(anonymous_3)
FNDA:11,(anonymous_4)
DA:2,1
DA:4,1
DA:6,1
DA:7,2
DA:11,2
DA:12,13
DA:16,13
DA:17,8
DA:19,11
LF:9
LH:9
BRDA:16,0,0,8
BRDA:16,0,1,5
BRF:2
BRH:2
end_of_record
TN:
SF:src/repositories/session-repository/index.ts
FN:4,create
FNF:1
FNH:1
FNDA:2,create
DA:2,1
DA:5,2
DA:8,1
DA:12,1
LF:4
LH:4
BRF:0
BRH:0
end_of_record
TN:
SF:src/repositories/users-repository/index.ts
FN:3,findByEmail
FN:11,create
FNF:2
FNH:2
FNDA:8,findByEmail
FNDA:3,create
DA:1,1
DA:4,8
DA:8,8
DA:12,3
DA:20,1
DA:25,1
LF:6
LH:6
BRF:0
BRH:0
end_of_record
TN:
SF:src/routers/users-router.ts
FNF:0
FNH:0
DA:1,1
DA:2,1
DA:3,1
DA:4,1
DA:6,1
DA:8,1
DA:9,1
DA:11,1
LF:8
LH:8
BRF:0
BRH:0
end_of_record
TN:
SF:src/schemas/users-schema.ts
FNF:0
FNH:0
DA:1,1
DA:4,1
LF:2
LH:2
BRF:0
BRH:0
end_of_record
TN:
SF:src/services/users-service/errors.ts
FN:3,duplicatedEmailError
FN:10,invalidEmailPasswordError
FNF:2
FNH:2
FNDA:2,duplicatedEmailError
FNDA:2,invalidEmailPasswordError
DA:3,1
DA:4,2
DA:10,1
DA:11,2
LF:4
LH:4
BRF:0
BRH:0
end_of_record
TN:
SF:src/services/users-service/index.ts
FN:9,createUser
FN:17,searchUser
FN:34,validateUniqueEmail
FN:42,createSession
FNF:4
FNH:4
FNDA:4,createUser
FNDA:4,searchUser
FNDA:4,validateUniqueEmail
FNDA:2,createSession
DA:2,1
DA:3,1
DA:4,1
DA:5,1
DA:6,1
DA:7,1
DA:9,1
DA:10,4
DA:12,3
DA:14,3
DA:17,1
DA:18,4
DA:20,4
DA:21,4
DA:23,3
DA:24,3
DA:26,2
DA:28,2
DA:35,4
DA:37,4
DA:38,1
DA:43,2
DA:44,2
DA:49,2
DA:60,1
DA:65,1
LF:26
LH:26
BRDA:21,0,0,1
BRDA:24,1,0,1
BRDA:37,2,0,1
BRF:3
BRH:3
end_of_record
TN:
SF:src/utils/prisma-utils.ts
FN:1,exclude
FNF:1
FNH:1
FNDA:2,exclude
DA:1,1
DA:2,2
DA:3,2
DA:4,2
DA:6,2
LF:5
LH:5
BRF:0
BRH:0
end_of_record
