TN:
SF:src/app.ts
FN:19,init
FN:24,close
FNF:2
FNH:1
FNDA:2,init
FNDA:0,close
DA:1,2
DA:2,2
DA:3,2
DA:4,2
DA:5,2
DA:7,2
DA:9,2
DA:10,2
DA:12,2
DA:13,2
DA:19,2
DA:20,2
DA:21,2
DA:24,2
DA:25,0
DA:28,2
LF:16
LH:15
BRF:0
BRH:0
end_of_record
TN:
SF:src/server.ts
FN:5,(anonymous_1)
FNF:1
FNH:0
FNDA:0,(anonymous_1)
DA:1,0
DA:3,0
DA:5,0
DA:6,0
LF:4
LH:0
BRF:0
BRH:0
end_of_record
TN:
SF:src/config/config-index.ts
FNF:0
FNH:0
DA:1,0
DA:2,0
LF:2
LH:0
BRF:0
BRH:0
end_of_record
TN:
SF:src/config/database.ts
FN:4,connectDb
FN:8,disconnectDB
FNF:2
FNH:1
FNDA:2,connectDb
FNDA:0,disconnectDB
DA:1,2
DA:4,2
DA:5,2
DA:8,2
DA:9,0
LF:5
LH:4
BRF:0
BRH:0
end_of_record
TN:
SF:src/config/envs.ts
FN:4,loadEnv
FNF:1
FNH:1
FNDA:4,loadEnv
DA:1,2
DA:2,2
DA:4,2
DA:6,4
DA:12,4
DA:13,4
LF:6
LH:6
BRDA:6,0,0,4
BRDA:6,0,1,0
BRDA:8,1,0,0
BRDA:8,1,1,0
BRF:4
BRH:1
end_of_record
TN:
SF:src/controllers/credentials-controller.ts
FN:5,credentialsList
FN:16,showCredentials
FN:28,credentialsStore
FN:45,deleteCredentials
FNF:4
FNH:4
FNDA:3,credentialsList
FNDA:2,showCredentials
FNDA:2,credentialsStore
FNDA:3,deleteCredentials
DA:2,2
DA:3,2
DA:5,2
DA:6,3
DA:8,3
DA:9,3
DA:10,1
DA:12,2
DA:16,2
DA:17,2
DA:18,2
DA:20,2
DA:21,2
DA:22,1
DA:24,1
DA:28,2
DA:29,2
DA:30,2
DA:32,2
DA:33,2
DA:34,1
DA:38,1
DA:39,1
DA:41,0
DA:45,2
DA:46,3
DA:47,3
DA:49,3
DA:50,3
DA:51,1
DA:53,2
LF:31
LH:30
BRDA:38,0,0,1
BRF:1
BRH:1
end_of_record
TN:
SF:src/controllers/users-controller.ts
FN:6,createUser
FN:23,searchUser
FNF:2
FNH:2
FNDA:4,createUser
FNDA:4,searchUser
DA:2,2
DA:3,2
DA:6,2
DA:7,4
DA:9,4
DA:10,4
DA:12,3
DA:15,1
DA:16,1
DA:19,0
DA:23,2
DA:24,4
DA:26,4
DA:27,4
DA:29,2
DA:32,2
DA:33,2
DA:36,0
LF:18
LH:16
BRDA:15,0,0,1
BRDA:32,1,0,2
BRF:2
BRH:2
end_of_record
TN:
SF:src/errors/duplicatedTitle-error.ts
FN:3,DuplicatedTitleError
FNF:1
FNH:1
FNDA:1,DuplicatedTitleError
DA:3,2
DA:4,1
LF:2
LH:2
BRF:0
BRH:0
end_of_record
TN:
SF:src/errors/invalid-data-error.ts
FN:3,invalidDataError
FNF:1
FNH:1
FNDA:5,invalidDataError
DA:3,2
DA:4,5
LF:2
LH:2
BRF:0
BRH:0
end_of_record
TN:
SF:src/errors/notFound-error.ts
FN:3,notFoundError
FNF:1
FNH:1
FNDA:5,notFoundError
DA:3,2
DA:4,5
LF:2
LH:2
BRF:0
BRH:0
end_of_record
TN:
SF:src/errors/unauthorized-error.ts
FN:3,unauthorizedError
FNF:1
FNH:1
FNDA:12,unauthorizedError
DA:3,2
DA:4,12
LF:2
LH:2
BRF:0
BRH:0
end_of_record
TN:
SF:src/middlewares/authentication-middleware.ts
FN:7,authToken
FN:32,UnauthorizedUser
FNF:2
FNH:2
FNDA:22,authToken
FNDA:12,UnauthorizedUser
DA:2,2
DA:3,2
DA:4,2
DA:5,2
DA:7,2
DA:8,22
DA:9,22
DA:11,18
DA:12,18
DA:14,18
DA:15,18
DA:17,14
DA:22,14
DA:24,10
DA:26,10
DA:28,4
DA:33,12
LF:17
LH:17
BRDA:9,0,0,4
BRDA:12,1,0,0
BRDA:22,2,0,4
BRF:3
BRH:2
end_of_record
TN:
SF:src/middlewares/validation-middleware.ts
FN:6,validateBody
FN:10,validate
FN:11,(anonymous_3)
FN:19,(anonymous_4)
FNF:4
FNH:4
FNDA:6,validateBody
FNDA:6,validate
FNDA:15,(anonymous_3)
FNDA:11,(anonymous_4)
DA:2,2
DA:4,2
DA:6,2
DA:7,6
DA:11,6
DA:12,15
DA:16,15
DA:17,10
DA:19,11
LF:9
LH:9
BRDA:16,0,0,10
BRDA:16,0,1,5
BRF:2
BRH:2
end_of_record
TN:
SF:src/repositories/credentials-repository/index.ts
FN:4,findById
FN:18,findByTitle
FN:27,listCredential
FN:35,create
FN:41,remove
FNF:5
FNH:5
FNDA:5,findById
FNDA:2,findByTitle
FNDA:3,listCredential
FNDA:1,create
FNDA:1,remove
DA:2,2
DA:5,5
DA:11,5
DA:12,0
DA:15,5
DA:19,2
DA:28,3
DA:36,1
DA:42,1
DA:49,2
DA:57,2
LF:11
LH:10
BRDA:11,0,0,0
BRF:1
BRH:0
end_of_record
TN:
SF:src/repositories/session-repository/index.ts
FN:4,create
FNF:1
FNH:1
FNDA:2,create
DA:2,2
DA:5,2
DA:8,2
DA:12,2
LF:4
LH:4
BRF:0
BRH:0
end_of_record
TN:
SF:src/repositories/users-repository/index.ts
FN:3,findByEmail
FN:11,create
FNF:2
FNH:2
FNDA:8,findByEmail
FNDA:3,create
DA:1,2
DA:4,8
DA:8,8
DA:12,3
DA:20,2
DA:25,2
LF:6
LH:6
BRF:0
BRH:0
end_of_record
TN:
SF:src/routers/credentials-router.ts
FNF:0
FNH:0
DA:1,2
DA:3,2
DA:4,2
DA:5,2
DA:6,2
DA:9,2
DA:11,2
DA:12,2
DA:13,2
DA:14,2
DA:15,2
DA:17,2
LF:12
LH:12
BRF:0
BRH:0
end_of_record
TN:
SF:src/routers/users-router.ts
FNF:0
FNH:0
DA:1,2
DA:2,2
DA:3,2
DA:4,2
DA:6,2
DA:8,2
DA:9,2
DA:11,2
LF:8
LH:8
BRF:0
BRH:0
end_of_record
TN:
SF:src/schemas/credentials-schemas.ts
FNF:0
FNH:0
DA:1,2
DA:4,2
LF:2
LH:2
BRF:0
BRH:0
end_of_record
TN:
SF:src/schemas/users-schema.ts
FNF:0
FNH:0
DA:1,2
DA:4,2
LF:2
LH:2
BRF:0
BRH:0
end_of_record
TN:
SF:src/services/credentials-service/index.ts
FN:8,listCredential
FN:14,(anonymous_2)
FN:18,showCredential
FN:28,createCredential
FN:47,deleteCredential
FN:56,validateTitle
FNF:6
FNH:6
FNDA:3,listCredential
FNDA:2,(anonymous_2)
FNDA:2,showCredential
FNDA:2,createCredential
FNDA:3,deleteCredential
FNDA:2,validateTitle
DA:2,2
DA:3,2
DA:4,2
DA:5,2
DA:9,3
DA:10,3
DA:11,2
DA:14,2
DA:15,1
DA:19,2
DA:20,2
DA:21,1
DA:24,1
DA:25,1
DA:28,2
DA:35,2
DA:37,1
DA:38,1
DA:48,3
DA:49,3
DA:50,2
DA:53,1
DA:57,2
DA:58,2
DA:59,1
DA:65,2
DA:72,2
LF:27
LH:27
BRDA:10,0,0,2
BRDA:20,1,0,1
BRDA:20,2,0,2
BRDA:20,2,1,2
BRDA:49,3,0,2
BRDA:49,4,0,3
BRDA:49,4,1,2
BRDA:58,5,0,1
BRF:8
BRH:8
end_of_record
TN:
SF:src/services/users-service/errors.ts
FN:3,duplicatedEmailError
FN:10,invalidEmailPasswordError
FNF:2
FNH:2
FNDA:2,duplicatedEmailError
FNDA:2,invalidEmailPasswordError
DA:3,2
DA:4,2
DA:10,2
DA:11,2
LF:4
LH:4
BRF:0
BRH:0
end_of_record
TN:
SF:src/services/users-service/index.ts
FN:9,createUser
FN:17,searchUser
FN:34,validateUniqueEmail
FN:42,createSession
FNF:4
FNH:4
FNDA:4,createUser
FNDA:4,searchUser
FNDA:4,validateUniqueEmail
FNDA:2,createSession
DA:2,2
DA:3,2
DA:4,2
DA:5,2
DA:6,2
DA:7,2
DA:9,2
DA:10,4
DA:12,3
DA:14,3
DA:17,2
DA:18,4
DA:20,4
DA:21,4
DA:23,3
DA:24,3
DA:26,2
DA:28,2
DA:35,4
DA:37,4
DA:38,1
DA:43,2
DA:44,2
DA:49,2
DA:60,2
DA:65,2
LF:26
LH:26
BRDA:21,0,0,1
BRDA:24,1,0,1
BRDA:37,2,0,1
BRF:3
BRH:3
end_of_record
TN:
SF:src/utils/cryptographyUtil-utils.ts
FN:5,encrypt
FN:9,decrypt
FNF:2
FNH:2
FNDA:11,encrypt
FNDA:6,decrypt
DA:1,2
DA:3,2
DA:6,11
DA:10,6
DA:13,2
LF:5
LH:5
BRF:0
BRH:0
end_of_record
TN:
SF:src/utils/prisma-utils.ts
FN:1,exclude
FNF:1
FNH:1
FNDA:2,exclude
DA:1,2
DA:2,2
DA:3,2
DA:4,2
DA:6,2
LF:5
LH:5
BRF:0
BRH:0
end_of_record
